0 verbose cli /usr/local/bin/node /usr/local/bin/npm
1 info using npm@8.19.3
2 info using node@v17.9.1
3 timing npm:load:whichnode Completed in 0ms
4 timing config:load:defaults Completed in 4ms
5 timing config:load:file:/usr/local/lib/node_modules/npm/npmrc Completed in 0ms
6 timing config:load:builtin Completed in 1ms
7 timing config:load:cli Completed in 1ms
8 timing config:load:env Completed in 0ms
9 timing config:load:project Completed in 11ms
10 timing config:load:file:/home/container/.npmrc Completed in 0ms
11 timing config:load:user Completed in 0ms
12 timing config:load:file:/usr/local/etc/npmrc Completed in 0ms
13 timing config:load:global Completed in 0ms
14 timing config:load:validate Completed in 1ms
15 timing config:load:credentials Completed in 1ms
16 timing config:load:setEnvs Completed in 1ms
17 timing config:load Completed in 21ms
18 timing npm:load:configload Completed in 21ms
19 timing npm:load:mkdirpcache Completed in 2ms
20 timing npm:load:mkdirplogs Completed in 1ms
21 verbose title npm install
22 verbose argv "install"
23 timing npm:load:setTitle Completed in 1ms
24 timing config:load:flatten Completed in 1ms
25 timing npm:load:display Completed in 23ms
26 verbose logfile logs-max:10 dir:/home/container/.npm/_logs
27 verbose logfile /home/container/.npm/_logs/2022-11-26T02_46_58_063Z-debug-0.log
28 timing npm:load:logFile Completed in 10ms
29 timing npm:load:timers Completed in 0ms
30 timing npm:load:configScope Completed in 0ms
31 timing npm:load Completed in 60ms
32 timing arborist:ctor Completed in 1ms
33 silly logfile start cleaning logs, removing 1 files
34 silly logfile done cleaning log files
35 timing idealTree:init Completed in 568ms
36 timing idealTree:userRequests Completed in 0ms
37 silly idealTree buildDeps
38 timing idealTree:#root Completed in 0ms
39 timing idealTree:buildDeps Completed in 6ms
40 timing idealTree:fixDepFlags Completed in 0ms
41 timing idealTree Completed in 583ms
42 timing arborist:ctor Completed in 0ms
43 timing reify:loadTrees Completed in 1062ms
44 timing reify:diffTrees Completed in 25ms
45 silly reify moves {}
46 timing reify:retireShallow Completed in 1ms
47 timing reify:createSparse Completed in 0ms
48 timing reify:loadBundles Completed in 0ms
49 silly audit bulk request {
49 silly audit   '@adiwajshing/baileys': [ '4.4.0' ],
49 silly audit   '@adiwajshing/keyed-db': [ '0.2.4' ],
49 silly audit   '@aws-crypto/ie11-detection': [ '2.0.2' ],
49 silly audit   tslib: [ '1.14.1', '2.3.1' ],
49 silly audit   '@aws-crypto/sha256-browser': [ '2.0.0' ],
49 silly audit   '@aws-crypto/sha256-js': [ '2.0.0' ],
49 silly audit   '@aws-crypto/supports-web-crypto': [ '2.0.2' ],
49 silly audit   '@aws-crypto/util': [ '2.0.2' ],
49 silly audit   '@aws-sdk/abort-controller': [ '3.208.0' ],
49 silly audit   '@aws-sdk/client-cognito-identity': [ '3.209.0' ],
49 silly audit   '@aws-sdk/client-sso': [ '3.209.0' ],
49 silly audit   '@aws-sdk/client-sso-oidc': [ '3.209.0' ],
49 silly audit   '@aws-sdk/client-sts': [ '3.209.0' ],
49 silly audit   '@aws-sdk/config-resolver': [ '3.209.0' ],
49 silly audit   '@aws-sdk/credential-provider-cognito-identity': [ '3.209.0' ],
49 silly audit   '@aws-sdk/credential-provider-env': [ '3.208.0' ],
49 silly audit   '@aws-sdk/credential-provider-imds': [ '3.209.0' ],
49 silly audit   '@aws-sdk/credential-provider-ini': [ '3.209.0' ],
49 silly audit   '@aws-sdk/credential-provider-node': [ '3.209.0' ],
49 silly audit   '@aws-sdk/credential-provider-process': [ '3.209.0' ],
49 silly audit   '@aws-sdk/credential-provider-sso': [ '3.209.0' ],
49 silly audit   '@aws-sdk/credential-provider-web-identity': [ '3.208.0' ],
49 silly audit   '@aws-sdk/credential-providers': [ '3.209.0' ],
49 silly audit   '@aws-sdk/fetch-http-handler': [ '3.208.0' ],
49 silly audit   '@aws-sdk/hash-node': [ '3.208.0' ],
49 silly audit   '@aws-sdk/invalid-dependency': [ '3.208.0' ],
49 silly audit   '@aws-sdk/is-array-buffer': [ '3.201.0' ],
49 silly audit   '@aws-sdk/middleware-content-length': [ '3.208.0' ],
49 silly audit   '@aws-sdk/middleware-endpoint': [ '3.208.0' ],
49 silly audit   '@aws-sdk/middleware-host-header': [ '3.208.0' ],
49 silly audit   '@aws-sdk/middleware-logger': [ '3.208.0' ],
49 silly audit   '@aws-sdk/middleware-recursion-detection': [ '3.208.0' ],
49 silly audit   '@aws-sdk/middleware-retry': [ '3.209.0' ],
49 silly audit   '@aws-sdk/middleware-sdk-sts': [ '3.208.0' ],
49 silly audit   '@aws-sdk/middleware-serde': [ '3.208.0' ],
49 silly audit   '@aws-sdk/middleware-signing': [ '3.208.0' ],
49 silly audit   '@aws-sdk/middleware-stack': [ '3.208.0' ],
49 silly audit   '@aws-sdk/middleware-user-agent': [ '3.208.0' ],
49 silly audit   '@aws-sdk/node-config-provider': [ '3.209.0' ],
49 silly audit   '@aws-sdk/node-http-handler': [ '3.208.0' ],
49 silly audit   '@aws-sdk/property-provider': [ '3.208.0' ],
49 silly audit   '@aws-sdk/protocol-http': [ '3.208.0' ],
49 silly audit   '@aws-sdk/querystring-builder': [ '3.208.0' ],
49 silly audit   '@aws-sdk/querystring-parser': [ '3.208.0' ],
49 silly audit   '@aws-sdk/service-error-classification': [ '3.208.0' ],
49 silly audit   '@aws-sdk/shared-ini-file-loader': [ '3.209.0' ],
49 silly audit   '@aws-sdk/signature-v4': [ '3.208.0' ],
49 silly audit   '@aws-sdk/smithy-client': [ '3.209.0' ],
49 silly audit   '@aws-sdk/token-providers': [ '3.209.0' ],
49 silly audit   '@aws-sdk/types': [ '3.208.0' ],
49 silly audit   '@aws-sdk/url-parser': [ '3.208.0' ],
49 silly audit   '@aws-sdk/util-base64': [ '3.208.0' ],
49 silly audit   '@aws-sdk/util-body-length-browser': [ '3.188.0' ],
49 silly audit   '@aws-sdk/util-body-length-node': [ '3.208.0' ],
49 silly audit   '@aws-sdk/util-buffer-from': [ '3.208.0' ],
49 silly audit   '@aws-sdk/util-config-provider': [ '3.208.0' ],
49 silly audit   '@aws-sdk/util-defaults-mode-browser': [ '3.209.0' ],
49 silly audit   '@aws-sdk/util-defaults-mode-node': [ '3.209.0' ],
49 silly audit   '@aws-sdk/util-endpoints': [ '3.209.0' ],
49 silly audit   '@aws-sdk/util-hex-encoding': [ '3.201.0' ],
49 silly audit   '@aws-sdk/util-locate-window': [ '3.208.0' ],
49 silly audit   '@aws-sdk/util-middleware': [ '3.208.0' ],
49 silly audit   '@aws-sdk/util-uri-escape': [ '3.201.0' ],
49 silly audit   '@aws-sdk/util-user-agent-browser': [ '3.208.0' ],
49 silly audit   '@aws-sdk/util-user-agent-node': [ '3.209.0' ],
49 silly audit   '@aws-sdk/util-utf8-browser': [ '3.188.0' ],
49 silly audit   '@aws-sdk/util-utf8-node': [ '3.208.0' ],
49 silly audit   '@babel/runtime': [ '7.20.1' ],
49 silly audit   '@hapi/boom': [ '9.1.4' ],
49 silly audit   '@hapi/hoek': [ '9.3.0' ],
49 silly audit   '@javascript-obfuscator/escodegen': [ '2.3.0' ],
49 silly audit   '@javascript-obfuscator/estraverse': [ '5.4.0' ],
49 silly audit   '@jimp/bmp': [ '0.16.2' ],
49 silly audit   '@jimp/core': [ '0.16.2' ],
49 silly audit   'file-type': [ '9.0.0', '16.5.4' ],
49 silly audit   mkdirp: [ '0.5.6', '1.0.4' ],
49 silly audit   '@jimp/custom': [ '0.16.2' ],
49 silly audit   '@jimp/gif': [ '0.16.2' ],
49 silly audit   '@jimp/jpeg': [ '0.16.2' ],
49 silly audit   '@jimp/plugin-blit': [ '0.16.2' ],
49 silly audit   '@jimp/plugin-blur': [ '0.16.2' ],
49 silly audit   '@jimp/plugin-circle': [ '0.16.2' ],
49 silly audit   '@jimp/plugin-color': [ '0.16.2' ],
49 silly audit   '@jimp/plugin-contain': [ '0.16.2' ],
49 silly audit   '@jimp/plugin-cover': [ '0.16.2' ],
49 silly audit   '@jimp/plugin-crop': [ '0.16.2' ],
49 silly audit   '@jimp/plugin-displace': [ '0.16.2' ],
49 silly audit   '@jimp/plugin-dither': [ '0.16.2' ],
49 silly audit   '@jimp/plugin-fisheye': [ '0.16.2' ],
49 silly audit   '@jimp/plugin-flip': [ '0.16.2' ],
49 silly audit   '@jimp/plugin-gaussian': [ '0.16.2' ],
49 silly audit   '@jimp/plugin-invert': [ '0.16.2' ],
49 silly audit   '@jimp/plugin-mask': [ '0.16.2' ],
49 silly audit   '@jimp/plugin-normalize': [ '0.16.2' ],
49 silly audit   '@jimp/plugin-print': [ '0.16.2' ],
49 silly audit   '@jimp/plugin-resize': [ '0.16.2' ],
49 silly audit   '@jimp/plugin-rotate': [ '0.16.2' ],
49 silly audit   '@jimp/plugin-scale': [ '0.16.2' ],
49 silly audit   '@jimp/plugin-shadow': [ '0.16.2' ],
49 silly audit   '@jimp/plugin-threshold': [ '0.16.2' ],
49 silly audit   '@jimp/plugins': [ '0.16.2' ],
49 silly audit   '@jimp/png': [ '0.16.2' ],
49 silly audit   '@jimp/tiff': [ '0.16.2' ],
49 silly audit   '@jimp/types': [ '0.16.2' ],
49 silly audit   '@jimp/utils': [ '0.16.2' ],
49 silly audit   '@protobufjs/aspromise': [ '1.1.2' ],
49 silly audit   '@protobufjs/base64': [ '1.1.2' ],
49 silly audit   '@protobufjs/codegen': [ '2.0.4' ],
49 silly audit   '@protobufjs/eventemitter': [ '1.1.0' ],
49 silly audit   '@protobufjs/fetch': [ '1.1.0' ],
49 silly audit   '@protobufjs/float': [ '1.0.2' ],
49 silly audit   '@protobufjs/inquire': [ '1.1.0' ],
49 silly audit   '@protobufjs/path': [ '1.1.2' ],
49 silly audit   '@protobufjs/pool': [ '1.1.0' ],
49 silly audit   '@protobufjs/utf8': [ '1.1.0' ],
49 silly audit   '@sindresorhus/is': [ '4.6.0' ],
49 silly audit   '@szmarczak/http-timer': [ '4.0.6' ],
49 silly audit   '@tokenizer/token': [ '0.3.0' ],
49 silly audit   '@tootallnate/once': [ '1.1.2', '2.0.0' ],
49 silly audit   '@types/cacheable-request': [ '6.0.3' ],
49 silly audit   '@types/http-cache-semantics': [ '4.0.1' ],
49 silly audit   '@types/keyv': [ '3.1.4' ],
49 silly audit   '@types/long': [ '4.0.2' ],
49 silly audit   '@types/minimatch': [ '3.0.5' ],
49 silly audit   '@types/node': [ '18.11.9', '16.9.1', '10.17.60' ],
49 silly audit   '@types/responselike': [ '1.0.0' ],
49 silly audit   '@types/webidl-conversions': [ '7.0.0' ],
49 silly audit   '@types/whatwg-url': [ '8.2.2' ],
49 silly audit   abab: [ '2.0.6' ],
49 silly audit   acorn: [ '8.7.0', '7.4.1' ],
49 silly audit   'acorn-globals': [ '6.0.0' ],
49 silly audit   'acorn-node': [ '1.8.2' ],
49 silly audit   'acorn-walk': [ '7.2.0' ],
49 silly audit   'agent-base': [ '6.0.2' ],
49 silly audit   ajv: [ '6.12.6' ],
49 silly audit   'ansi-regex': [ '5.0.1', '2.1.1', '3.0.1', '4.1.1' ],
49 silly audit   'ansi-styles': [ '4.3.0', '3.2.1' ],
49 silly audit   'any-base': [ '1.1.0' ],
49 silly audit   'array-back': [ '3.1.0' ],
49 silly audit   'array-differ': [ '3.0.0' ],
49 silly audit   'array-union': [ '2.1.0' ],
49 silly audit   arrify: [ '2.0.1' ],
49 silly audit   asn1: [ '0.2.6' ],
49 silly audit   assert: [ '2.0.0' ],
49 silly audit   'assert-plus': [ '1.0.0' ],
49 silly audit   async: [ '3.2.4', '0.9.2' ],
49 silly audit   'async.parallellimit': [ '0.5.2' ],
49 silly audit   'async.util.eachoflimit': [ '0.5.2' ],
49 silly audit   'async.util.isarray': [ '0.5.2' ],
49 silly audit   'async.util.isarraylike': [ '0.5.2' ],
49 silly audit   'async.util.keyiterator': [ '0.5.2' ],
49 silly audit   'async.util.keys': [ '0.5.2' ],
49 silly audit   'async.util.noop': [ '0.5.2' ],
49 silly audit   'async.util.once': [ '0.5.2' ],
49 silly audit   'async.util.onlyonce': [ '0.5.2' ],
49 silly audit   'async.util.parallel': [ '0.5.2' ],
49 silly audit   'async.util.restparam': [ '0.5.2' ],
49 silly audit   asynckit: [ '0.4.0' ],
49 silly audit   'atomic-sleep': [ '1.0.0' ],
49 silly audit   'available-typed-arrays': [ '1.0.5' ],
49 silly audit   'awesome-phonenumber': [ '2.73.0' ],
49 silly audit   'aws-sign2': [ '0.7.0' ],
49 silly audit   aws4: [ '1.11.0' ],
49 silly audit   axios: [ '0.24.0', '0.21.4' ],
49 silly audit   'balanced-match': [ '1.0.2' ],
49 silly audit   'base64-js': [ '1.5.1' ],
49 silly audit   'bcrypt-pbkdf': [ '1.0.2' ],
49 silly audit   'bmp-js': [ '0.1.0' ],
49 silly audit   boolbase: [ '1.0.0' ],
49 silly audit   boolstring: [ '1.0.2' ],
49 silly audit   bowser: [ '2.11.0' ],
49 silly audit   'brace-expansion': [ '1.1.11' ],
49 silly audit   'browser-process-hrtime': [ '1.0.0' ],
49 silly audit   bson: [ '4.7.0' ],
49 silly audit   buffer: [ '5.7.1' ],
49 silly audit   'buffer-equal': [ '0.0.1' ],
49 silly audit   'buffer-from': [ '1.1.2' ],
49 silly audit   'cacheable-lookup': [ '5.0.4' ],
49 silly audit   'cacheable-request': [ '7.0.2' ],
49 silly audit   'call-bind': [ '1.0.2' ],
49 silly audit   camelcase: [ '5.3.1' ],
49 silly audit   caseless: [ '0.12.0' ],
49 silly audit   chalk: [ '4.1.2', '2.4.2', '3.0.0' ],
49 silly audit   chance: [ '1.1.8' ],
49 silly audit   'char-regex': [ '1.0.2' ],
49 silly audit   charenc: [ '0.0.2' ],
49 silly audit   cheerio: [ '1.0.0-rc.12' ],
49 silly audit   'cheerio-select': [ '2.1.0' ],
49 silly audit   child_process: [ '1.0.2' ],
49 silly audit   'class-validator': [ '0.13.2' ],
49 silly audit   'cli-color': [ '1.2.0' ],
49 silly audit   'cli-cursor': [ '3.1.0' ],
49 silly audit   'cli-spinners': [ '2.7.0' ],
49 silly audit   cliui: [ '8.0.1', '6.0.0' ],
49 silly audit   clone: [ '2.1.2', '1.0.4' ],
49 silly audit   'clone-response': [ '1.0.3' ],
49 silly audit   'color-convert': [ '2.0.1', '1.9.3' ],
49 silly audit   'color-name': [ '1.1.4', '1.1.3' ],
49 silly audit   colors: [ '1.4.0' ],
49 silly audit   'combined-stream': [ '1.0.8', '0.0.7' ],
49 silly audit   'command-line-args': [ '5.2.1' ],
49 silly audit   commander: [ '9.0.0' ],
49 silly audit   'complex.js': [ '2.1.1' ],
49 silly audit   'concat-map': [ '0.0.1' ],
49 silly audit   'content-type': [ '1.0.4' ],
49 silly audit   cookie: [ '0.5.0' ],
49 silly audit   'core-util-is': [ '1.0.3', '1.0.2' ],
49 silly audit   crypt: [ '0.0.2' ],
49 silly audit   crypto: [ '1.0.1' ],
49 silly audit   'css-select': [ '5.1.0' ],
49 silly audit   'css-what': [ '6.1.0' ],
49 silly audit   cssom: [ '0.4.4', '0.3.8', '0.5.0' ],
49 silly audit   cssstyle: [ '2.3.0' ],
49 silly audit   'curve25519-js': [ '0.0.4' ],
49 silly audit   d: [ '1.0.1' ],
49 silly audit   dashdash: [ '1.14.1' ],
49 silly audit   dasu: [ '0.4.3' ],
49 silly audit   'data-urls': [ '2.0.0', '3.0.2' ],
49 silly audit   debug: [ '4.3.4' ],
49 silly audit   ms: [ '2.1.2', '2.1.3' ],
49 silly audit   decamelize: [ '1.2.0' ],
49 silly audit   'decimal.js': [ '10.4.2' ],
49 silly audit   'decompress-response': [ '6.0.0' ],
49 silly audit   'mimic-response': [ '3.1.0', '1.0.1' ],
49 silly audit   'deep-is': [ '0.1.4' ],
49 silly audit   defaults: [ '1.0.4' ],
49 silly audit   'defer-to-connect': [ '2.0.1' ],
49 silly audit   'define-properties': [ '1.1.4' ],
49 silly audit   'delayed-stream': [ '1.0.0', '0.0.5' ],
49 silly audit   denque: [ '2.1.0' ],
49 silly audit   dijkstrajs: [ '1.0.2' ],
49 silly audit   'dom-serializer': [ '2.0.0' ],
49 silly audit   'dom-walk': [ '0.1.2' ],
49 silly audit   domelementtype: [ '2.3.0' ],
49 silly audit   domexception: [ '2.0.1', '4.0.0' ],
49 silly audit   'webidl-conversions': [ '5.0.0', '7.0.0', '3.0.1', '6.1.0' ],
49 silly audit   domhandler: [ '5.0.3' ],
49 silly audit   domutils: [ '3.0.1' ],
49 silly audit   duplexify: [ '4.1.2' ],
49 silly audit   'readable-stream': [ '3.6.0', '2.3.7' ],
49 silly audit   'ecc-jsbn': [ '0.1.2' ],
49 silly audit   'emoji-regex': [ '8.0.0' ],
49 silly audit   'encode-utf8': [ '1.0.3' ],
49 silly audit   'end-of-stream': [ '1.4.4' ],
49 silly audit   entities: [ '4.4.0' ],
49 silly audit   'es5-ext': [ '0.10.62' ],
49 silly audit   'es6-iterator': [ '2.0.3' ],
49 silly audit   'es6-object-assign': [ '1.1.0' ],
49 silly audit   'es6-symbol': [ '3.1.3' ],
49 silly audit   'es6-weak-map': [ '2.0.3' ],
49 silly audit   escalade: [ '3.1.1' ],
49 silly audit   'escape-latex': [ '1.2.0' ],
49 silly audit   'escape-string-regexp': [ '1.0.5' ],
49 silly audit   escodegen: [ '2.0.0' ],
49 silly audit   'eslint-scope': [ '7.1.0' ],
49 silly audit   'eslint-visitor-keys': [ '3.2.0' ],
49 silly audit   esprima: [ '4.0.1' ],
49 silly audit   esrecurse: [ '4.3.0' ],
49 silly audit   estraverse: [ '5.3.0' ],
49 silly audit   esutils: [ '2.0.3' ],
49 silly audit   'event-emitter': [ '0.3.5' ],
49 silly audit   'exif-parser': [ '0.1.12' ],
49 silly audit   ext: [ '1.7.0' ],
49 silly audit   type: [ '2.7.2', '1.2.0' ],
49 silly audit   extend: [ '3.0.2' ],
49 silly audit   extsprintf: [ '1.3.0' ],
49 silly audit   'fake-useragent': [ '1.0.1' ],
49 silly audit   'fast-deep-equal': [ '3.1.3' ],
49 silly audit   'fast-json-stable-stringify': [ '2.1.0' ],
49 silly audit   'fast-levenshtein': [ '2.0.6' ],
49 silly audit   'fast-redact': [ '3.1.2' ],
49 silly audit   'fast-xml-parser': [ '4.0.11' ],
49 silly audit   figlet: [ '1.5.2' ],
49 silly audit   'find-replace': [ '3.0.0' ],
49 silly audit   'find-up': [ '4.1.0' ],
49 silly audit   'fluent-ffmpeg': [ '2.1.2' ],
49 silly audit   'follow-redirects': [ '1.15.2' ],
49 silly audit   'for-each': [ '0.3.3' ],
49 silly audit   'forever-agent': [ '0.6.1' ],
49 silly audit   'form-data': [ '3.0.1', '4.0.0', '2.3.3', '0.2.0' ],
49 silly audit   'fraction.js': [ '4.2.0' ],
49 silly audit   fs: [ '0.0.1-security' ],
49 silly audit   'fs-extra': [ '10.1.0' ],
49 silly audit   'fs.realpath': [ '1.0.0' ],
49 silly audit   'function-bind': [ '1.1.1' ],
49 silly audit   'futoin-hkdf': [ '1.5.1' ],
49 silly audit   'g-i-s': [ '2.1.6' ],
49 silly audit   'get-caller-file': [ '2.0.5' ],
49 silly audit   'get-intrinsic': [ '1.1.3' ],
49 silly audit   'get-stream': [ '5.2.0' ],
49 silly audit   getpass: [ '0.1.7' ],
49 silly audit   gifwrap: [ '0.9.4' ],
49 silly audit   glob: [ '7.2.3' ],
49 silly audit   global: [ '4.4.0' ],
49 silly audit   'google-it': [ '1.6.4' ],
49 silly audit   gopd: [ '1.0.1' ],
49 silly audit   got: [ '11.8.5' ],
49 silly audit   'graceful-fs': [ '4.2.10' ],
49 silly audit   'har-schema': [ '2.0.0' ],
49 silly audit   'har-validator': [ '5.1.5' ],
49 silly audit   has: [ '1.0.3' ],
49 silly audit   'has-flag': [ '4.0.0', '3.0.0' ],
49 silly audit   'has-property-descriptors': [ '1.0.0' ],
49 silly audit   'has-symbols': [ '1.0.3' ],
49 silly audit   'has-tostringtag': [ '1.0.0' ],
49 silly audit   'html-encoding-sniffer': [ '2.0.1', '3.0.0' ],
49 silly audit   htmlparser2: [ '8.0.1' ],
49 silly audit   'http-cache-semantics': [ '4.1.0' ],
49 silly audit   'http-proxy-agent': [ '4.0.1', '5.0.0' ],
49 silly audit   'http-signature': [ '1.2.0' ],
49 silly audit   'http2-wrapper': [ '1.0.3' ],
49 silly audit   'https-proxy-agent': [ '5.0.1' ],
49 silly audit   'human-readable': [ '0.2.1' ],
49 silly audit   'human-time': [ '0.0.2' ],
49 silly audit   'hxz-api': [ '1.0.1' ],
49 silly audit   'iconv-lite': [ '0.4.24', '0.6.3' ],
49 silly audit   ieee754: [ '1.2.1' ],
49 silly audit   'image-q': [ '4.0.0' ],
49 silly audit   inflight: [ '1.0.6' ],
49 silly audit   inherits: [ '2.0.4', '2.0.3' ],
49 silly audit   inversify: [ '6.0.1' ],
49 silly audit   ip: [ '2.0.0' ],
49 silly audit   'is-arguments': [ '1.1.1' ],
49 silly audit   'is-buffer': [ '1.1.6' ],
49 silly audit   'is-callable': [ '1.2.7' ],
49 silly audit   'is-fullwidth-code-point': [ '3.0.0', '2.0.0' ],
49 silly audit   'is-function': [ '1.0.2' ],
49 silly audit   'is-generator-function': [ '1.0.10' ],
49 silly audit   'is-interactive': [ '1.0.0' ],
49 silly audit   'is-nan': [ '1.3.2' ],
49 silly audit   'is-potential-custom-element-name': [ '1.0.1' ],
49 silly audit   'is-promise': [ '2.2.2' ],
49 silly audit   'is-typed-array': [ '1.1.10' ],
49 silly audit   'is-typedarray': [ '1.0.0' ],
49 silly audit   isarray: [ '1.0.0' ],
49 silly audit   isexe: [ '2.0.0' ],
49 silly audit   isstream: [ '0.1.2' ],
49 silly audit   'javascript-natural-sort': [ '0.7.1' ],
49 silly audit   'javascript-obfuscator': [ '4.0.0' ],
49 silly audit   jimp: [ '0.16.2' ],
49 silly audit   'jpeg-js': [ '0.4.4' ],
49 silly audit   'js-string-escape': [ '1.0.1' ],
49 silly audit   jsbn: [ '0.1.1' ],
49 silly audit   jsdom: [ '16.7.0', '18.1.1' ],
49 silly audit   parse5: [ '6.0.1', '7.1.1' ],
49 silly audit   ws: [ '7.5.9', '8.11.0' ],
49 silly audit   'json-buffer': [ '3.0.1' ],
49 silly audit   'json-schema': [ '0.4.0' ],
49 silly audit   'json-schema-traverse': [ '0.4.1' ],
49 silly audit   'json-stringify-safe': [ '5.0.1' ],
49 silly audit   jsonfile: [ '6.1.0' ],
49 silly audit   'jsonpath-plus': [ '5.0.7' ],
49 silly audit   jsprim: [ '1.4.2' ],
49 silly audit   kareem: [ '2.4.1' ],
49 silly audit   keypress: [ '0.2.1' ],
49 silly audit   keyv: [ '4.5.2' ],
49 silly audit   'kirbotz-api': [ '0.0.2' ],
49 silly audit   'whatwg-url': [ '11.0.0', '10.0.0', '5.0.0', '8.7.0' ],
49 silly audit   tr46: [ '3.0.0', '0.0.3', '2.1.0' ],
49 silly audit   'w3c-xmlserializer': [ '3.0.0', '2.0.0' ],
49 silly audit   'whatwg-encoding': [ '2.0.0', '1.0.5' ],
49 silly audit   'whatwg-mimetype': [ '3.0.0', '2.3.0' ],
49 silly audit   'xml-name-validator': [ '4.0.0', '3.0.0' ],
49 silly audit   levn: [ '0.3.0' ],
49 silly audit   'libphonenumber-js': [ '1.10.14' ],
49 silly audit   libsignal: [ '2.0.1' ],
49 silly audit   protobufjs: [ '6.8.8', '6.11.3' ],
49 silly audit   'load-bmfont': [ '1.4.1' ],
49 silly audit   'locate-path': [ '5.0.0' ],
49 silly audit   lodash: [ '4.17.21' ],
49 silly audit   'lodash.camelcase': [ '4.3.0' ],
49 silly audit   'lodash.flatten': [ '4.4.0' ],
49 silly audit   'log-symbols': [ '3.0.0' ],
49 silly audit   'supports-color': [ '5.5.0', '7.2.0' ],
49 silly audit   long: [ '4.0.0' ],
49 silly audit   lowdb: [ '2.1.0' ],
49 silly audit   'lowercase-keys': [ '2.0.0' ],
49 silly audit   'lru-queue': [ '0.1.0' ],
49 silly audit   m3u8stream: [ '0.8.6' ],
49 silly audit   mathjs: [ '11.3.3' ],
49 silly audit   md5: [ '2.3.0' ],
49 silly audit   'media-typer': [ '1.1.0' ],
49 silly audit   memoizee: [ '0.4.15' ],
49 silly audit   'memory-pager': [ '1.5.0' ],
49 silly audit   mime: [ '1.6.0', '2.6.0' ],
49 silly audit   'mime-db': [ '1.52.0', '1.12.0' ],
49 silly audit   'mime-types': [ '2.1.35', '2.0.14' ],
49 silly audit   'mimic-fn': [ '2.1.0' ],
49 silly audit   'min-document': [ '2.19.0' ],
49 silly audit   miniget: [ '4.2.2' ],
49 silly audit   minimatch: [ '3.1.2', '3.0.8' ],
49 silly audit   minimist: [ '1.2.7' ],
49 silly audit   moment: [ '2.29.4' ],
49 silly audit   'moment-timezone': [ '0.5.38' ],
49 silly audit   mongodb: [ '4.11.0' ],
49 silly audit   'mongodb-connection-string-url': [ '2.5.4' ],
49 silly audit   mongoose: [ '6.7.2' ],
49 silly audit   mpath: [ '0.9.0' ],
49 silly audit   mquery: [ '4.0.3' ],
49 silly audit   multimatch: [ '5.0.0' ],
49 silly audit   multistream: [ '2.1.1' ],
49 silly audit   'music-metadata': [ '7.13.0' ],
49 silly audit   'mute-stream': [ '0.0.8' ],
49 silly audit   'next-tick': [ '1.1.0' ],
49 silly audit   'node-cache': [ '5.1.2' ],
49 silly audit   'node-cron': [ '3.0.2' ],
49 silly audit   'node-fetch': [ '2.6.7' ],
49 silly audit   'node-fzf': [ '0.5.3' ],
49 silly audit   'string-width': [ '2.1.1', '4.2.3' ],
49 silly audit   'strip-ansi': [ '4.0.0', '5.2.0', '6.0.1' ],
49 silly audit   'node-webpmux': [ '3.1.3' ],
49 silly audit   'normalize-url': [ '6.1.0' ],
49 silly audit   'nth-check': [ '2.1.1' ],
49 silly audit   nwsapi: [ '2.2.2' ],
49 silly audit   'oauth-sign': [ '0.9.0' ],
49 silly audit   'object-inspect': [ '1.12.2' ],
49 silly audit   'object-is': [ '1.1.5' ],
49 silly audit   'object-keys': [ '1.1.1' ],
49 silly audit   'object-query-string': [ '1.2.0' ],
49 silly audit   omggif: [ '1.0.10' ],
49 silly audit   'on-exit-leak-free': [ '0.2.0' ],
49 silly audit   once: [ '1.4.0' ],
49 silly audit   onetime: [ '5.1.2' ],
49 silly audit   'opencollective-postinstall': [ '2.0.3' ],
49 silly audit   optionator: [ '0.8.3' ],
49 silly audit   ora: [ '4.1.1' ],
49 silly audit   os: [ '0.1.2' ],
49 silly audit   'p-cancelable': [ '2.1.1' ],
49 silly audit   'p-limit': [ '2.3.0' ],
49 silly audit   'p-locate': [ '4.1.0' ],
49 silly audit   'p-try': [ '2.2.0' ],
49 silly audit   pako: [ '1.0.11' ],
49 silly audit   'parse-bmfont-ascii': [ '1.0.6' ],
49 silly audit   'parse-bmfont-binary': [ '1.0.6' ],
49 silly audit   'parse-bmfont-xml': [ '1.1.4' ],
49 silly audit   'parse-headers': [ '2.0.5' ],
49 silly audit   'parse-ms': [ '2.1.0' ],
49 silly audit   'parse5-htmlparser2-tree-adapter': [ '7.0.0' ],
49 silly audit   path: [ '0.12.7' ],
49 silly audit   'path-exists': [ '4.0.0' ],
49 silly audit   'path-is-absolute': [ '1.0.1' ],
49 silly audit   util: [ '0.10.4', '0.12.5' ],
49 silly audit   'peek-readable': [ '4.1.0' ],
49 silly audit   perf_hooks: [ '0.0.1' ],
49 silly audit   'performance-now': [ '2.1.0' ],
49 silly audit   phin: [ '2.9.3' ],
49 silly audit   pino: [ '7.11.0' ],
49 silly audit   'pino-abstract-transport': [ '0.5.0' ],
49 silly audit   'pino-std-serializers': [ '4.0.0' ],
49 silly audit   pixelmatch: [ '4.0.2' ],
49 silly audit   pngjs: [ '3.4.0', '5.0.0' ],
49 silly audit   'prelude-ls': [ '1.1.2' ],
49 silly audit   process: [ '0.11.10' ],
49 silly audit   'process-nextick-args': [ '2.0.1' ],
49 silly audit   'process-warning': [ '1.0.0' ],
49 silly audit   psl: [ '1.9.0' ],
49 silly audit   pump: [ '3.0.0' ],
49 silly audit   punycode: [ '2.1.1' ],
49 silly audit   qrcode: [ '1.5.1' ],
49 silly audit   'qrcode-terminal': [ '0.12.0' ],
49 silly audit   'wrap-ansi': [ '6.2.0', '7.0.0' ],
49 silly audit   y18n: [ '4.0.3', '5.0.8' ],
49 silly audit   yargs: [ '15.4.1', '17.6.2' ],
49 silly audit   'yargs-parser': [ '18.1.3', '21.1.1' ],
49 silly audit   qs: [ '6.11.0', '6.5.3' ],
49 silly audit   querystringify: [ '2.2.0' ],
49 silly audit   'quick-format-unescaped': [ '4.0.4' ],
49 silly audit   'quick-lru': [ '5.1.1' ],
49 silly audit   'readable-web-to-node-stream': [ '3.0.2' ],
49 silly audit   'real-require': [ '0.1.0' ],
49 silly audit   redstar: [ '0.0.2' ],
49 silly audit   'reflect-metadata': [ '0.1.13' ],
49 silly audit   'regenerator-runtime': [ '0.13.10' ],
49 silly audit   'remove.bg': [ '1.3.0' ],
49 silly audit   request: [ '2.88.2' ],
49 silly audit   'tough-cookie': [ '2.5.0', '4.1.2' ],
49 silly audit   uuid: [ '3.4.0', '8.3.2' ],
49 silly audit   'require-directory': [ '2.1.1' ],
49 silly audit   'require-main-filename': [ '2.0.0' ],
49 silly audit   'requires-port': [ '1.0.0' ],
49 silly audit   'resolve-alpn': [ '1.2.1' ],
49 silly audit   responselike: [ '2.0.1' ],
49 silly audit   'restore-cursor': [ '3.1.0' ],
49 silly audit   rimraf: [ '3.0.2' ],
49 silly audit   'safe-buffer': [ '5.1.2' ],
49 silly audit   'safe-stable-stringify': [ '2.4.1' ],
49 silly audit   'safer-buffer': [ '2.1.2' ],
49 silly audit   saslprep: [ '1.0.3' ],
49 silly audit   sax: [ '1.2.4' ],
49 silly audit   saxes: [ '5.0.1' ],
49 silly audit   'scrape-primbon': [ '1.1.0' ],
49 silly audit   seedrandom: [ '3.0.5' ],
49 silly audit   'set-blocking': [ '2.0.0' ],
49 silly audit   'side-channel': [ '1.0.4' ],
49 silly audit   sift: [ '16.0.1' ],
49 silly audit   'signal-exit': [ '3.0.7' ],
49 silly audit   'smart-buffer': [ '4.2.0' ],
49 silly audit   socks: [ '2.7.1' ],
49 silly audit   'sonic-boom': [ '2.8.0' ],
49 silly audit   'source-map': [ '0.6.1' ],
49 silly audit   'source-map-support': [ '0.5.21' ],
49 silly audit   'sparse-bitfield': [ '3.0.3' ],
49 silly audit   spinnies: [ '0.5.1' ],
49 silly audit   split2: [ '4.1.0' ],
49 silly audit   sshpk: [ '1.17.0' ],
49 silly audit   steno: [ '1.0.0' ],
49 silly audit   'stream-shift': [ '1.0.1' ],
49 silly audit   string_decoder: [ '1.1.1' ],
49 silly audit   'string-template': [ '1.0.0' ],
49 silly audit   stringz: [ '2.1.0' ],
49 silly audit   strnum: [ '1.0.5' ],
49 silly audit   strtok3: [ '6.3.0' ],
49 silly audit   'symbol-tree': [ '3.2.4' ],
49 silly audit   'syntax-error': [ '1.4.0' ],
49 silly audit   'thread-stream': [ '0.15.2' ],
49 silly audit   'timers-ext': [ '0.1.7' ],
49 silly audit   timm: [ '1.7.1' ],
49 silly audit   'tiny-emitter': [ '2.1.0' ],
49 silly audit   tinycolor2: [ '1.4.2' ],
49 silly audit   'token-types': [ '4.2.1' ],
49 silly audit   universalify: [ '0.2.0', '2.0.0' ],
49 silly audit   ttys: [ '0.0.3' ],
49 silly audit   'tunnel-agent': [ '0.6.0' ],
49 silly audit   tweetnacl: [ '0.14.5' ],
49 silly audit   'type-check': [ '0.3.2' ],
49 silly audit   'typed-function': [ '4.1.0' ],
49 silly audit   typical: [ '4.0.0' ],
49 silly audit   unirest: [ '0.6.0' ],
49 silly audit   'uri-js': [ '4.4.1' ],
49 silly audit   'url-parse': [ '1.5.10' ],
49 silly audit   utif: [ '2.0.1' ],
49 silly audit   'util-deprecate': [ '1.0.2' ],
49 silly audit   validator: [ '13.7.0' ],
49 silly audit   verror: [ '1.10.0' ],
49 silly audit   'w3c-hr-time': [ '1.0.2' ],
49 silly audit   wcwidth: [ '1.0.1' ],
49 silly audit   which: [ '1.3.1' ],
49 silly audit   'which-module': [ '2.0.0' ],
49 silly audit   'which-typed-array': [ '1.1.9' ],
49 silly audit   'word-wrap': [ '1.2.3' ],
49 silly audit   wrappy: [ '1.0.2' ],
49 silly audit   xhr: [ '2.6.0' ],
49 silly audit   'xml-parse-from-string': [ '1.0.1' ],
49 silly audit   xml2js: [ '0.4.23' ],
49 silly audit   xmlbuilder: [ '11.0.1' ],
49 silly audit   xmlchars: [ '2.2.0' ],
49 silly audit   xtend: [ '4.0.2' ],
49 silly audit   'yt-search': [ '2.10.3' ],
49 silly audit   'ytdl-core': [ '4.11.2' ]
49 silly audit }
50 timing reify:unpack Completed in 2ms
51 timing reify:unretire Completed in 0ms
52 timing build:queue Completed in 0ms
53 timing build:deps Completed in 0ms
54 timing build Completed in 0ms
55 timing reify:build Completed in 1ms
56 timing reify:trash Completed in 0ms
57 timing reify:save Completed in 89ms
58 http fetch POST 200 https://registry.npmjs.org/-/npm/v1/security/advisories/bulk 604ms
59 timing auditReport:getReport Completed in 613ms
60 silly audit report {}
61 timing auditReport:init Completed in 0ms
62 timing reify:audit Completed in 613ms
63 timing reify Completed in 1714ms
64 timing command:install Completed in 1723ms
65 verbose exit 0
66 timing npm Completed in 2088ms
67 info ok
